Resolving deltas:  95% (978755/1030268)
Resolving deltas:  95% (981728/1030268)
Resolving deltas:  95% (988707/1030268)
Resolving deltas:  96% (989058/1030268)
Resolving deltas:  96% (995287/1030268)
Resolving deltas:  96% (998567/1030268)
Resolving deltas:  97% (999360/1030268)
Resolving deltas:  97% (1003274/1030268)
Resolving deltas:  98% (1009663/1030268)
Resolving deltas:  98% (1014670/1030268)
Resolving deltas:  98% (1019803/1030268)
Resolving deltas:  99% (1019966/1030268)
Resolving deltas:  99% (1027904/1030268)
Resolving deltas: 100% (1030268/1030268)
Resolving deltas: 100% (1030268/1030268), done.
[0:09:10] Still working on:
[0:09:10]   v8
[0:09:16] Still working on:
[0:09:16]   v8
[0:09:16] Still working on:
[0:09:16]   v8
________ running 'python3 third_party/depot_tools/update_depot_tools_toggle.py --disable' in 'C:\Users\runneradmin\v8\v8'
________ running 'python3 build/landmines.py --landmine-scripts tools/get_landmines.py' in 'C:\Users\runneradmin\v8\v8'
________ running 'python3 third_party/depot_tools/download_from_google_storage.py --no_resume -u --bucket v8-wasm-spec-tests -s test/wasm-spec-tests/tests.tar.gz.sha1' in 'C:\Users\runneradmin\v8\v8'
0> Downloading test/wasm-spec-tests/tests.tar.gz@bd7805d59032f25f7a3d7069b189f9e2d87e4f01...
0> Extracting 572 entries from test/wasm-spec-tests/tests.tar.gz to test/wasm-spec-tests/tests
Downloading 1 files took 10.085662 second(s)
Hook 'python3 third_party/depot_tools/download_from_google_storage.py --no_resume -u --bucket v8-wasm-spec-tests -s test/wasm-spec-tests/tests.tar.gz.sha1' took 10.18 secs
________ running 'python3 third_party/depot_tools/download_from_google_storage.py --no_resume -u --bucket v8-wasm-spec-tests -s test/wasm-js/tests.tar.gz.sha1' in 'C:\Users\runneradmin\v8\v8'
0> Downloading test/wasm-js/tests.tar.gz@fa1dbb5717f58043b2d3c01c4c331b206adedac8...
0> Extracting 240 entries from test/wasm-js/tests.tar.gz to test/wasm-js/tests
Downloading 1 files took 2.871579 second(s)
________ running 'python3 build/vs_toolchain.py update --force' in 'C:\Users\runneradmin\v8\v8'
________ running 'python3 build/util/lastchange.py -o build/util/LASTCHANGE' in 'C:\Users\runneradmin\v8\v8'
________ running 'vpython3.bat -vpython-spec .vpython3 -vpython-tool install' in 'C:\Users\runneradmin\v8\v8'
Hook 'vpython3.bat -vpython-spec .vpython3 -vpython-tool install' took 12.59 secs
________ running 'python3 buildtools/reclient_cfgs/configure_reclient_cfgs.py --rbe_instance projects/rbe-chrome-untrusted/instances/default_instance --reproxy_cfg_template reproxy.cfg.template --rewrapper_cfg_project  --skip_remoteexec_cfg_fetch' in 'C:\Users\runneradmin\v8\v8'
generate reproxy.cfg using C:\Users\runneradmin\v8\v8\buildtools\reclient_cfgs\reproxy_cfg_templates\reproxy.cfg.template
________ running 'python3 build/config/siso/configure_siso.py --rbe_instance projects/rbe-chrome-untrusted/instances/default_instance' in 'C:\Users\runneradmin\v8\v8'
Running: 'C:\Users\runneradmin\AppData\Local\vpython-root.0\store\python_venv-1d4q4uqvvqiv2l08hv3ugmnuvs\contents\Scripts\python3.exe' 'C:\Users\runneradmin\depot_tools\gclient.py' root
Running: 'C:\Users\runneradmin\AppData\Local\vpython-root.0\store\python_venv-1d4q4uqvvqiv2l08hv3ugmnuvs\contents\Scripts\python3.exe' 'C:\Users\runneradmin\depot_tools\gclient.py' config --spec 'solutions = [
  {
    "name": "v8",
    "url": "https://chromium.googlesource.com/v8/v8.git",
    "deps_file": "DEPS",
    "managed": False,
    "custom_deps": {},
  },
]
'
Running: 'C:\Users\runneradmin\AppData\Local\vpython-root.0\store\python_venv-1d4q4uqvvqiv2l08hv3ugmnuvs\contents\Scripts\python3.exe' 'C:\Users\runneradmin\depot_tools\gclient.py' sync --with_branch_heads
Running: git config --add remote.origin.fetch '+refs/tags/*:refs/tags/*'
Running: git config diff.ignoreSubmodules dirty
=====[ Checking out V8 13.6.233.17 ]=====
Previous HEAD position was 8edd0b9e725 Update V8 DEPS (trusted)
HEAD is now at b0a55a7dad7 Version 13.6.233.17
Updating depot_tools...
WARNING:root:depot_tools recommends setting the following for
optimal Chromium development:

$ git config --global core.fscache true
$ git config --global core.preloadindex true

You can silence this message by setting these recommended values.

You can allow depot_tools to automatically update your global
Git config to recommended settings by running:
$ git config --global depot-tools.allowGlobalGitConfig true

To suppress this warning and silence future recommendations, run:
$ git config --global depot-tools.allowGlobalGitConfig false

WARNING: 'v8\tools\win' is no longer part of this client.
It is recommended that you manually remove it or use 'gclient sync -D' next time.

WARNING: 'v8\third_party\libpfm4\src' is no longer part of this client.
It is recommended that you manually remove it or use 'gclient sync -D' next time.

WARNING: 'v8\third_party\libpfm4' is no longer part of this client.
It is recommended that you manually remove it or use 'gclient sync -D' next time.

WARNING: 'v8\third_party\dragonbox\src' is no longer part of this client.
It is recommended that you manually remove it or use 'gclient sync -D' next time.
________ running 'python3 third_party/depot_tools/update_depot_tools_toggle.py --disable' in 'C:\Users\runneradmin\v8\v8'
________ running 'python3 build/landmines.py --landmine-scripts tools/get_landmines.py' in 'C:\Users\runneradmin\v8\v8'
________ running 'python3 third_party/depot_tools/download_from_google_storage.py --no_resume --no_auth -u --bucket v8-wasm-spec-tests -s test/wasm-spec-tests/tests.tar.gz.sha1' in 'C:\Users\runneradmin\v8\v8'
0> Downloading test/wasm-spec-tests/tests.tar.gz@e8f855c3f80301e3f127eaf18ba426dd6208c4bb...
0> Removed test/wasm-spec-tests/tests...
0> Extracting 483 entries from test/wasm-spec-tests/tests.tar.gz to test/wasm-spec-tests/tests
Downloading 1 files took 30.952618 second(s)
Hook 'python3 third_party/depot_tools/download_from_google_storage.py --no_resume --no_auth -u --bucket v8-wasm-spec-tests -s test/wasm-spec-tests/tests.tar.gz.sha1' took 31.03 secs
________ running 'python3 third_party/depot_tools/download_from_google_storage.py --no_resume --no_auth -u --bucket v8-wasm-spec-tests -s test/wasm-js/tests.tar.gz.sha1' in 'C:\Users\runneradmin\v8\v8'
0> Downloading test/wasm-js/tests.tar.gz@8a69e14a26326662093099426eff78db6d409761...
0> Removed test/wasm-js/tests...
0> Extracting 252 entries from test/wasm-js/tests.tar.gz to test/wasm-js/tests
Downloading 1 files took 2.222833 second(s)
________ running 'python3 build/vs_toolchain.py update --force' in 'C:\Users\runneradmin\v8\v8'
________ running 'python3 build/util/lastchange.py -o build/util/LASTCHANGE' in 'C:\Users\runneradmin\v8\v8'
________ running 'vpython3.bat -vpython-spec .vpython3 -vpython-tool install' in 'C:\Users\runneradmin\v8\v8'
Hook 'vpython3.bat -vpython-spec .vpython3 -vpython-tool install' took 11.45 secs
________ running 'python3 buildtools/reclient_cfgs/configure_reclient_cfgs.py --rbe_instance projects/rbe-chrome-untrusted/instances/default_instance --reproxy_cfg_template reproxy.cfg.template --rewrapper_cfg_project  --skip_remoteexec_cfg_fetch' in 'C:\Users\runneradmin\v8\v8'
generate reproxy.cfg using C:\Users\runneradmin\v8\v8\buildtools\reclient_cfgs\reproxy_cfg_templates\reproxy.cfg.template
________ running 'python3 build/config/siso/configure_siso.py --rbe_instance projects/rbe-chrome-untrusted/instances/default_instance' in 'C:\Users\runneradmin\v8\v8'
=====[ Applying v8.patch ]=====
=====[ V8 Patch Application - Multi-level Fallback ]=====
Patch 文件: D:\a\AutoMyView8\AutoMyView8\Disassembler\v8.patch
V8 目录: C:\Users\runneradmin\v8\v8
日志文件: D:\a\AutoMyView8\AutoMyView8\scripts\v8dasm-builders\patch-utils\patch-state.log
失败时中止: true
时间戳: Sun 04/19/2026 16:51:38.72

[第0级] 重置 V8 仓库到干净状态...
Error: Process completed with exit code 1.